<?xml version="1.0" encoding="UTF-8"?>
<testng-results skipped="0" failed="0" ignored="0" total="1" passed="1">
  <reporter-output>
  </reporter-output>
  <suite name="Default suite" duration-ms="3178" started-at="2019-09-10T14:46:53 IST" finished-at="2019-09-10T14:46:56 IST">
    <groups>
    </groups>
    <test name="Default test" duration-ms="3178" started-at="2019-09-10T14:46:53 IST" finished-at="2019-09-10T14:46:56 IST">
      <class name="com.qa.tests.SampleTest">
        <test-method status="PASS" signature="googleTitleTest()[pri:0, instance:com.qa.tests.SampleTest@47ef968d]" name="googleTitleTest" duration-ms="3140" started-at="2019-09-10T14:46:53 IST" finished-at="2019-09-10T14:46:56 IST">
          <reporter-output>
          </reporter-output>
        </test-method> <!-- googleTitleTest -->
      </class> <!-- com.qa.tests.SampleTest -->
    </test> <!-- Default test -->
  </suite> <!-- Default suite -->
</testng-results>
